<?xml version="1.0" encoding="utf-8"?><testsuites name="pytest tests"><testsuite name="pytest" errors="0" failures="0" skipped="0" tests="17" time="3.339" timestamp="2026-06-21T14:59:40.052982+00:00" hostname="agent-env-4de6c306-cf72-4bd5-803c-c055eefd61dd"><testcase classname="backend.tests.test_iteration7_push.TestVapidStatus" name="test_requires_admin_auth" time="0.270" /><testcase classname="backend.tests.test_iteration7_push.TestVapidStatus" name="test_vapid_status_healthy" time="0.432" /><testcase classname="backend.tests.test_iteration7_push.TestVapidRegenerate" name="test_regenerate_then_restore" time="0.596" /><testcase classname="backend.tests.test_iteration7_push.TestVapidRegenerate" name="test_regenerate_requires_admin" time="0.101" /><testcase classname="backend.tests.test_iteration7_push.TestBroadcastImageUpload" name="test_upload_png_returns_absolute_url" time="0.235" /><testcase classname="backend.tests.test_iteration7_push.TestBroadcastImageUpload" name="test_upload_jpg" time="0.105" /><testcase classname="backend.tests.test_iteration7_push.TestBroadcastImageUpload" name="test_upload_webp" time="0.101" /><testcase classname="backend.tests.test_iteration7_push.TestBroadcastImageUpload" name="test_reject_text_mime" time="0.099" /><testcase classname="backend.tests.test_iteration7_push.TestBroadcastImageUpload" name="test_reject_oversize" time="0.273" /><testcase classname="backend.tests.test_iteration7_push.TestBroadcastImageUpload" name="test_upload_requires_admin" time="0.100" /><testcase classname="backend.tests.test_iteration7_push.TestPublicBroadcastImage" name="test_path_traversal_payments_returns_404" time="0.101" /><testcase classname="backend.tests.test_iteration7_push.TestPublicBroadcastImage" name="test_arbitrary_path_returns_404" time="0.105" /><testcase classname="backend.tests.test_iteration7_push.TestPublicBroadcastImage" name="test_serves_uploaded_image" time="0.218" /><testcase classname="backend.tests.test_iteration7_push.TestBroadcastWithImage" name="test_broadcast_persists_image_and_returns_errors_sample" time="0.202" /><testcase classname="backend.tests.test_iteration7_push.TestBroadcastWithImage" name="test_broadcast_missing_title_returns_400" time="0.095" /><testcase classname="backend.tests.test_iteration7_push.TestPublicBranding" name="test_branding_shape" time="0.108" /><testcase classname="backend.tests.test_iteration7_push.TestPublicIcon" name="test_icon_returns_png" time="0.111" /></testsuite></testsuites>