<?xml version="1.0" encoding="utf-8"?><testsuites name="pytest tests"><testsuite name="pytest" errors="0" failures="1" skipped="0" tests="8" time="5.392" timestamp="2026-05-07T15:25:57.526359+00:00" hostname="agent-env-8d4f6fab-f481-413c-8e7f-4258f1a52a8e"><testcase classname="backend.tests.test_iteration2_outsourced.TestAdminPermissions" name="test_login_returns_19_permissions" time="0.551" /><testcase classname="backend.tests.test_iteration2_outsourced.TestAdminPermissions" name="test_login_has_all_6_online_perms" time="0.290" /><testcase classname="backend.tests.test_iteration2_outsourced.TestMenuItemsOutsourcedFields" name="test_list_returns_outsourced_fields" time="0.070" /><testcase classname="backend.tests.test_iteration2_outsourced.TestOutsourcedOrderFlow" name="test_a_create_outsourced_item_persists" time="1.064" /><testcase classname="backend.tests.test_iteration2_outsourced.TestOutsourcedOrderFlow" name="test_b_place_order_triggers_vendor_transaction" time="1.369" /><testcase classname="backend.tests.test_iteration2_outsourced.TestOutsourcedOrderFlow" name="test_c_refund_creates_negative_reversal" time="1.194" /><testcase classname="backend.tests.test_iteration2_outsourced.TestNonOutsourcedRegression" name="test_regular_item_no_vendor_transaction" time="0.633" /><testcase classname="backend.tests.test_iteration2_outsourced.TestSalesSummaryAuth" name="test_unauth_returns_401_or_403" time="0.118"><failure message="assert 200 in (401, 403)&#10; +  where 200 = &lt;Response [200]&gt;.status_code">backend/tests/test_iteration2_outsourced.py:217: in test_unauth_returns_401_or_403
    assert r.status_code in (401, 403)
E   assert 200 in (401, 403)
E    +  where 200 = &lt;Response [200]&gt;.status_code</failure></testcase></testsuite></testsuites>