<?xml version="1.0" encoding="utf-8"?><testsuites name="pytest tests"><testsuite name="pytest" errors="0" failures="0" skipped="0" tests="18" time="4.984" timestamp="2026-05-08T00:09:09.924243+00:00" hostname="agent-env-bb2c55fc-4004-4d23-9a7d-05d6abbf5438"><testcase classname="backend.tests.test_iteration4_p0p4.TestPOSRegression" name="test_admin_login" time="0.652" /><testcase classname="backend.tests.test_iteration4_p0p4.TestPOSRegression" name="test_get_settings" time="0.062" /><testcase classname="backend.tests.test_iteration4_p0p4.TestPOSRegression" name="test_get_categories" time="0.057" /><testcase classname="backend.tests.test_iteration4_p0p4.TestPOSRegression" name="test_get_menu_items" time="0.066" /><testcase classname="backend.tests.test_iteration4_p0p4.TestPOSRegression" name="test_get_orders_today" time="0.059" /><testcase classname="backend.tests.test_iteration4_p0p4.TestBusinessHours" name="test_public_business_hours_shape" time="0.064" /><testcase classname="backend.tests.test_iteration4_p0p4.TestBusinessHours" name="test_admin_online_settings_includes_business_hours_fields" time="0.062" /><testcase classname="backend.tests.test_iteration4_p0p4.TestBusinessHours" name="test_put_online_settings_persists_weekly_schedule" time="0.119" /><testcase classname="backend.tests.test_iteration4_p0p4.TestOnlineOrderBlockAndPhone" name="test_phone_too_short_register_rejected" time="0.063" /><testcase classname="backend.tests.test_iteration4_p0p4.TestOnlineOrderBlockAndPhone" name="test_phone_too_short_online_order_rejected" time="0.057" /><testcase classname="backend.tests.test_iteration4_p0p4.TestOnlineOrderBlockAndPhone" name="test_online_order_blocked_when_closed" time="0.278" /><testcase classname="backend.tests.test_iteration4_p0p4.TestOnlineOrderBlockAndPhone" name="test_online_order_accepts_valid_phone_when_open" time="0.256" /><testcase classname="backend.tests.test_iteration4_p0p4.TestFeedbackAndReviewReply" name="test_public_feedback_creates_review" time="0.060" /><testcase classname="backend.tests.test_iteration4_p0p4.TestFeedbackAndReviewReply" name="test_get_reviews_includes_new_fields" time="0.128" /><testcase classname="backend.tests.test_iteration4_p0p4.TestFeedbackAndReviewReply" name="test_admin_reply_to_review" time="0.162" /><testcase classname="backend.tests.test_iteration4_p0p4.TestLoyaltyOnDelivery" name="test_loyalty_balance_endpoint" time="0.343" /><testcase classname="backend.tests.test_iteration4_p0p4.TestLoyaltyOnDelivery" name="test_diamonds_credited_on_delivery_idempotent" time="1.293" /><testcase classname="backend.tests.test_iteration4_p0p4.TestRewardRedemptionDeduction" name="test_reward_redemption_deducts_balance" time="1.099" /></testsuite></testsuites>