<?xml version="1.0" encoding="utf-8"?><testsuites name="pytest tests"><testsuite name="pytest" errors="0" failures="1" skipped="0" tests="17" time="3.280" timestamp="2026-05-08T00:05:22.942300+00:00" hostname="agent-env-bb2c55fc-4004-4d23-9a7d-05d6abbf5438"><testcase classname="backend.tests.test_iteration4_p0p4.TestPOSRegression" name="test_admin_login" time="0.693" /><testcase classname="backend.tests.test_iteration4_p0p4.TestPOSRegression" name="test_get_settings" time="0.049" /><testcase classname="backend.tests.test_iteration4_p0p4.TestPOSRegression" name="test_get_categories" time="0.048" /><testcase classname="backend.tests.test_iteration4_p0p4.TestPOSRegression" name="test_get_menu_items" time="0.051" /><testcase classname="backend.tests.test_iteration4_p0p4.TestPOSRegression" name="test_get_orders_today" time="0.091" /><testcase classname="backend.tests.test_iteration4_p0p4.TestBusinessHours" name="test_public_business_hours_shape" time="0.051" /><testcase classname="backend.tests.test_iteration4_p0p4.TestBusinessHours" name="test_admin_online_settings_includes_business_hours_fields" time="0.056" /><testcase classname="backend.tests.test_iteration4_p0p4.TestBusinessHours" name="test_put_online_settings_persists_weekly_schedule" time="0.111" /><testcase classname="backend.tests.test_iteration4_p0p4.TestOnlineOrderBlockAndPhone" name="test_phone_too_short_register_rejected" time="0.052" /><testcase classname="backend.tests.test_iteration4_p0p4.TestOnlineOrderBlockAndPhone" name="test_phone_too_short_online_order_rejected" time="0.053" /><testcase classname="backend.tests.test_iteration4_p0p4.TestOnlineOrderBlockAndPhone" name="test_online_order_blocked_when_closed" time="0.214" /><testcase classname="backend.tests.test_iteration4_p0p4.TestOnlineOrderBlockAndPhone" name="test_online_order_accepts_valid_phone_when_open" time="0.208" /><testcase classname="backend.tests.test_iteration4_p0p4.TestFeedbackAndReviewReply" name="test_public_feedback_creates_review" time="0.048" /><testcase classname="backend.tests.test_iteration4_p0p4.TestFeedbackAndReviewReply" name="test_get_reviews_includes_new_fields" time="0.104" /><testcase classname="backend.tests.test_iteration4_p0p4.TestFeedbackAndReviewReply" name="test_admin_reply_to_review" time="0.151" /><testcase classname="backend.tests.test_iteration4_p0p4.TestLoyaltyOnDelivery" name="test_loyalty_balance_endpoint" time="0.325" /><testcase classname="backend.tests.test_iteration4_p0p4.TestLoyaltyOnDelivery" name="test_diamonds_credited_on_delivery_idempotent" time="0.853"><failure message="AssertionError: expected balance 50 got 0 (earned=50)&#10;assert 0 == (0 + 50)&#10; +  where 50 = int(50)">backend/tests/test_iteration4_p0p4.py:395: in test_diamonds_credited_on_delivery_idempotent
    assert after1 == before + int(diamonds_earned), (
E   AssertionError: expected balance 50 got 0 (earned=50)
E   assert 0 == (0 + 50)
E    +  where 50 = int(50)</failure></testcase></testsuite></testsuites>