<?xml version="1.0" encoding="utf-8"?><testsuites name="pytest tests"><testsuite name="pytest" errors="0" failures="0" skipped="0" tests="15" time="5.767" timestamp="2026-06-11T15:14:34.065539+00:00" hostname="agent-env-1a7cb9a1-3da3-4da9-9893-8add97331600"><testcase classname="backend.tests.test_iteration6_v2.TestSocialLoginInvalid" name="test_google_invalid_token_returns_401" time="0.778" /><testcase classname="backend.tests.test_iteration6_v2.TestSocialLoginInvalid" name="test_facebook_invalid_token_returns_401" time="0.342" /><testcase classname="backend.tests.test_iteration6_v2.TestOffersMinOrderAmount" name="test_create_offer_echoes_min_order_amount" time="0.223" /><testcase classname="backend.tests.test_iteration6_v2.TestCouponMinOrderEnforcement" name="test_below_min_rejected_400" time="0.200" /><testcase classname="backend.tests.test_iteration6_v2.TestCouponMinOrderEnforcement" name="test_above_min_accepted" time="0.094" /><testcase classname="backend.tests.test_iteration6_v2.TestRewardStacking" name="test_coupon_plus_discount_reward_rejected_400" time="0.835" /><testcase classname="backend.tests.test_iteration6_v2.TestAdminReviewsNoCrash" name="test_feedback_then_get_admin_reviews" time="0.204" /><testcase classname="backend.tests.test_iteration6_v2.TestPublicTrackV2Fields" name="test_track_exposes_v2_fields" time="0.203" /><testcase classname="backend.tests.test_iteration6_v2.TestOrderOperations" name="test_prep_time_update" time="0.333" /><testcase classname="backend.tests.test_iteration6_v2.TestOrderOperations" name="test_free_delivery" time="0.303" /><testcase classname="backend.tests.test_iteration6_v2.TestOrderOperations" name="test_delivery_fee_override" time="0.338" /><testcase classname="backend.tests.test_iteration6_v2.TestOrderOperations" name="test_operations_blocked_on_delivered_order" time="0.752" /><testcase classname="backend.tests.test_iteration6_v2.TestHappyPathRegressions" name="test_admin_login" time="0.341" /><testcase classname="backend.tests.test_iteration6_v2.TestHappyPathRegressions" name="test_create_accept_track" time="0.335" /><testcase classname="backend.tests.test_iteration6_v2.TestHappyPathRegressions" name="test_create_reject_with_reason" time="0.388" /></testsuite></testsuites>