<?xml version="1.0" encoding="utf-8"?><testsuites name="pytest tests"><testsuite name="pytest" errors="0" failures="0" skipped="0" tests="37" time="5.964" timestamp="2026-05-07T15:26:15.505805+00:00" hostname="agent-env-8d4f6fab-f481-413c-8e7f-4258f1a52a8e"><testcase classname="backend.tests.test_merged_iteration.TestStaffAuth" name="test_login_admin" time="0.437" /><testcase classname="backend.tests.test_merged_iteration.TestStaffAuth" name="test_login_invalid" time="0.293" /><testcase classname="backend.tests.test_merged_iteration.TestStaffAuth" name="test_auth_me" time="0.380" /><testcase classname="backend.tests.test_merged_iteration.TestCategories" name="test_list" time="0.064" /><testcase classname="backend.tests.test_merged_iteration.TestCategories" name="test_create_update_delete" time="0.267" /><testcase classname="backend.tests.test_merged_iteration.TestMenuItems" name="test_list_menu_items" time="0.077" /><testcase classname="backend.tests.test_merged_iteration.TestMenuItems" name="test_create_update_delete" time="0.279" /><testcase classname="backend.tests.test_merged_iteration.TestInventory" name="test_inventory_list" time="0.081" /><testcase classname="backend.tests.test_merged_iteration.TestPOSOrders" name="test_create_pos_order" time="0.144" /><testcase classname="backend.tests.test_merged_iteration.TestPOSOrders" name="test_orders_today" time="0.068" /><testcase classname="backend.tests.test_merged_iteration.TestPOSOrders" name="test_orders_history" time="0.072" /><testcase classname="backend.tests.test_merged_iteration.TestReports" name="test_x_report" time="0.068" /><testcase classname="backend.tests.test_merged_iteration.TestReports" name="test_z_report" time="0.076" /><testcase classname="backend.tests.test_merged_iteration.TestReports" name="test_dashboard_stats" time="0.072" /><testcase classname="backend.tests.test_merged_iteration.TestReports" name="test_dashboard_hourly_sales" time="0.066" /><testcase classname="backend.tests.test_merged_iteration.TestExpenses" name="test_expense_crud" time="0.196" /><testcase classname="backend.tests.test_merged_iteration.TestVendors" name="test_vendor_crud_and_transactions" time="0.398" /><testcase classname="backend.tests.test_merged_iteration.TestSettings" name="test_get_settings" time="0.071" /><testcase classname="backend.tests.test_merged_iteration.TestVoice" name="test_voice_status" time="0.071" /><testcase classname="backend.tests.test_merged_iteration.TestRefunds" name="test_refunds_today" time="0.064" /><testcase classname="backend.tests.test_merged_iteration.TestRefunds" name="test_refunds_summary" time="0.070" /><testcase classname="backend.tests.test_merged_iteration.TestStatusEndpoints" name="test_schedule_status" time="0.065" /><testcase classname="backend.tests.test_merged_iteration.TestStatusEndpoints" name="test_schedule_timezones" time="0.073" /><testcase classname="backend.tests.test_merged_iteration.TestStatusEndpoints" name="test_whatsapp_status" time="0.147" /><testcase classname="backend.tests.test_merged_iteration.TestStatusEndpoints" name="test_tunnel_status" time="0.065" /><testcase classname="backend.tests.test_merged_iteration.TestPublic" name="test_public_restaurant_info" time="0.069" /><testcase classname="backend.tests.test_merged_iteration.TestPublic" name="test_public_settings" time="0.063" /><testcase classname="backend.tests.test_merged_iteration.TestPublic" name="test_public_menu" time="0.070" /><testcase classname="backend.tests.test_merged_iteration.TestCustomerAuth" name="test_register_login_me" time="0.676" /><testcase classname="backend.tests.test_merged_iteration.TestOnlineOrders" name="test_place_track_and_admin_list" time="0.708" /><testcase classname="backend.tests.test_merged_iteration.TestOffers" name="test_list_offers" time="0.067" /><testcase classname="backend.tests.test_merged_iteration.TestOffers" name="test_admin_offers_crud" time="0.141" /><testcase classname="backend.tests.test_merged_iteration.TestReviewsPublic" name="test_list_reviews" time="0.076" /><testcase classname="backend.tests.test_merged_iteration.TestEventBookings" name="test_create_and_list" time="0.150" /><testcase classname="backend.tests.test_merged_iteration.TestAuthGuards" name="test_orders_today_unauth" time="0.063" /><testcase classname="backend.tests.test_merged_iteration.TestAuthGuards" name="test_dashboard_unauth" time="0.068" /><testcase classname="backend.tests.test_merged_iteration.TestAuthGuards" name="test_admin_offers_create_unauth" time="0.070" /></testsuite></testsuites>