<?xml version="1.0" encoding="utf-8"?><testsuites name="pytest tests"><testsuite name="pytest" errors="0" failures="0" skipped="0" tests="8" time="1.811" timestamp="2026-06-21T15:39:57.895189+00:00" hostname="agent-env-4de6c306-cf72-4bd5-803c-c055eefd61dd"><testcase classname="backend.tests.test_iteration8_stale_push.TestVapidPublic" name="test_public_key_returns_value" time="0.220" /><testcase classname="backend.tests.test_iteration8_stale_push.TestVapidAdminHealth" name="test_status_healthy" time="0.470" /><testcase classname="backend.tests.test_iteration8_stale_push.TestVapidAdminHealth" name="test_status_requires_auth" time="0.106" /><testcase classname="backend.tests.test_iteration8_stale_push.TestSubscribeUnsubscribe" name="test_subscribe_accepts_payload" time="0.520" /><testcase classname="backend.tests.test_iteration8_stale_push.TestSubscribeUnsubscribe" name="test_subscribe_idempotent" time="0.120" /><testcase classname="backend.tests.test_iteration8_stale_push.TestSubscribeUnsubscribe" name="test_unsubscribe_accepts_endpoint" time="0.100" /><testcase classname="backend.tests.test_iteration8_stale_push.TestSubscribeUnsubscribe" name="test_unsubscribe_unknown_endpoint_safe" time="0.100" /><testcase classname="backend.tests.test_iteration8_stale_push.TestSubscribeUnsubscribe" name="test_subscribe_requires_auth" time="0.107" /></testsuite></testsuites>