<?xml version="1.0" encoding="utf-8"?><testsuites name="pytest tests"><testsuite name="pytest" errors="0" failures="1" skipped="0" tests="108" time="43.315" timestamp="2026-04-26T14:07:49.716610+00:00" hostname="agent-env-c7ee25f2-893c-405b-85c2-803c7cea7bcf"><testcase classname="backend.tests.test_discount_price_change.TestDiscountOrders" name="test_order_with_percent_discount" time="0.557" /><testcase classname="backend.tests.test_discount_price_change.TestDiscountOrders" name="test_order_with_flat_discount" time="0.104" /><testcase classname="backend.tests.test_discount_price_change.TestDiscountOrders" name="test_order_no_discount_defaults" time="0.051" /><testcase classname="backend.tests.test_discount_price_change.TestPriceChangeOrders" name="test_order_with_changed_price" time="0.102" /><testcase classname="backend.tests.test_discount_price_change.TestPriceChangeOrders" name="test_order_default_original_price" time="0.100" /><testcase classname="backend.tests.test_discount_price_change.TestDiscountPlusPriceChange" name="test_combined_flow" time="0.154" /><testcase classname="backend.tests.test_iter3_new_features.TestHourlySales" name="test_hourly_sales_unauth" time="0.105" /><testcase classname="backend.tests.test_iter3_new_features.TestHourlySales" name="test_hourly_sales_returns_24_buckets" time="0.384" /><testcase classname="backend.tests.test_iter3_new_features.TestHourlySales" name="test_hourly_sales_reflects_new_order" time="0.676" /><testcase classname="backend.tests.test_iter3_new_features.TestOrderForReceipt" name="test_order_response_has_receipt_fields" time="0.048" /><testcase classname="backend.tests.test_iter3_new_features.TestOrderForReceipt" name="test_credit_order_receipt" time="0.046" /><testcase classname="backend.tests.test_iter3_new_features.TestOrderForReceipt" name="test_discounted_order_receipt" time="0.050" /><testcase classname="backend.tests.test_iter3_new_features.TestCSVExport" name="test_export_csv_unauth" time="0.121" /><testcase classname="backend.tests.test_iter3_new_features.TestCSVExport" name="test_export_csv_returns_rows" time="0.101" /><testcase classname="backend.tests.test_iter3_new_features.TestCSVExport" name="test_export_csv_cashier_allowed" time="0.047" /><testcase classname="backend.tests.test_iter3_new_features.TestHistoryExport" name="test_history_export_unauth" time="0.102" /><testcase classname="backend.tests.test_iter3_new_features.TestHistoryExport" name="test_history_export_admin" time="0.051" /><testcase classname="backend.tests.test_iter3_new_features.TestHistoryExport" name="test_history_export_cashier_forbidden" time="0.425" /><testcase classname="backend.tests.test_iter4_users_settings.TestUserCRUD" name="test_list_users_admin" time="0.388" /><testcase classname="backend.tests.test_iter4_users_settings.TestUserCRUD" name="test_create_user_and_persist" time="0.381" /><testcase classname="backend.tests.test_iter4_users_settings.TestUserCRUD" name="test_create_duplicate_email_rejected" time="0.336" /><testcase classname="backend.tests.test_iter4_users_settings.TestUserCRUD" name="test_update_user_role_and_persist" time="0.156" /><testcase classname="backend.tests.test_iter4_users_settings.TestUserCRUD" name="test_update_user_password_login_works" time="1.198" /><testcase classname="backend.tests.test_iter4_users_settings.TestUserCRUD" name="test_delete_self_blocked" time="0.106" /><testcase classname="backend.tests.test_iter4_users_settings.TestUserCRUD" name="test_delete_user_removes_persistently" time="0.390" /><testcase classname="backend.tests.test_iter4_users_settings.TestUserAuthz" name="test_cashier_cannot_list_users" time="0.439" /><testcase classname="backend.tests.test_iter4_users_settings.TestUserAuthz" name="test_cashier_cannot_create_user" time="0.415" /><testcase classname="backend.tests.test_iter4_users_settings.TestUserAuthz" name="test_unauthenticated_users_endpoint" time="0.105" /><testcase classname="backend.tests.test_iter4_users_settings.TestSettings" name="test_get_settings_returns_tax_rate" time="0.052" /><testcase classname="backend.tests.test_iter4_users_settings.TestSettings" name="test_update_tax_rate_admin_persists" time="0.259" /><testcase classname="backend.tests.test_iter4_users_settings.TestSettings" name="test_cashier_can_get_settings_but_not_update" time="0.449" /><testcase classname="backend.tests.test_iter4_users_settings.TestSettings" name="test_unauthenticated_settings_blocked" time="0.155" /><testcase classname="backend.tests.test_iter5_colors_email.TestCategoryColor" name="test_create_category_with_color" time="0.501" /><testcase classname="backend.tests.test_iter5_colors_email.TestCategoryColor" name="test_create_category_without_color" time="0.090" /><testcase classname="backend.tests.test_iter5_colors_email.TestCategoryColor" name="test_update_category_color" time="0.241" /><testcase classname="backend.tests.test_iter5_colors_email.TestMenuItemColor" name="test_create_menu_item_with_color" time="0.237" /><testcase classname="backend.tests.test_iter5_colors_email.TestMenuItemColor" name="test_create_menu_item_without_color" time="0.228" /><testcase classname="backend.tests.test_iter5_colors_email.TestMenuItemColor" name="test_update_menu_item_color" time="0.227" /><testcase classname="backend.tests.test_iter5_colors_email.TestEmailSettings" name="test_settings_returns_email_fields" time="0.046" /><testcase classname="backend.tests.test_iter5_colors_email.TestEmailSettings" name="test_update_email_recipients_persists" time="0.202" /><testcase classname="backend.tests.test_iter5_colors_email.TestEmailTestEndpoint" name="test_email_test_unauthenticated" time="0.104" /><testcase classname="backend.tests.test_iter5_colors_email.TestEmailTestEndpoint" name="test_email_test_cashier_forbidden" time="0.686" /><testcase classname="backend.tests.test_iter5_colors_email.TestEmailTestEndpoint" name="test_email_test_smtp_not_configured" time="0.187" /><testcase classname="backend.tests.test_iter5_colors_email.TestEmailSendReport" name="test_send_report_unauthenticated" time="0.105" /><testcase classname="backend.tests.test_iter5_colors_email.TestEmailSendReport" name="test_send_report_cashier_forbidden" time="0.049" /><testcase classname="backend.tests.test_iter5_colors_email.TestEmailSendReport" name="test_send_report_smtp_not_configured" time="0.185" /><testcase classname="backend.tests.test_iter5_colors_email.TestEmailSendReport" name="test_send_report_no_recipients" time="0.203" /><testcase classname="backend.tests.test_iter5_colors_email.TestZCloseAutoEmail" name="test_z_close_succeeds_when_auto_email_off" time="0.244" /><testcase classname="backend.tests.test_iter6_schedule_whatsapp.TestScheduleStatus" name="test_status_returns_required_keys" time="0.436" /><testcase classname="backend.tests.test_iter6_schedule_whatsapp.TestScheduleStatus" name="test_status_admin_only" time="0.443" /><testcase classname="backend.tests.test_iter6_schedule_whatsapp.TestScheduleStatus" name="test_timezones_list_includes_required" time="0.050" /><testcase classname="backend.tests.test_iter6_schedule_whatsapp.TestScheduleStatus" name="test_run_now_admin_ok" time="0.046" /><testcase classname="backend.tests.test_iter6_schedule_whatsapp.TestScheduleStatus" name="test_run_now_cashier_403" time="0.049" /><testcase classname="backend.tests.test_iter6_schedule_whatsapp.TestSettingsReschedule" name="test_put_settings_updates_schedule_and_next_run" time="0.609" /><testcase classname="backend.tests.test_iter6_schedule_whatsapp.TestSettingsReschedule" name="test_put_settings_invalid_time_still_200" time="0.133" /><testcase classname="backend.tests.test_iter6_schedule_whatsapp.TestSettingsReschedule" name="test_put_settings_invalid_tz_still_200" time="0.090" /><testcase classname="backend.tests.test_iter6_schedule_whatsapp.TestSettingsReschedule" name="test_restore_valid_for_remainder" time="0.049" /><testcase classname="backend.tests.test_iter6_schedule_whatsapp.TestWhatsAppEndpoints" name="test_status_admin" time="0.107" /><testcase classname="backend.tests.test_iter6_schedule_whatsapp.TestWhatsAppEndpoints" name="test_status_cashier_403" time="0.053" /><testcase classname="backend.tests.test_iter6_schedule_whatsapp.TestWhatsAppEndpoints" name="test_qr_admin" time="0.073" /><testcase classname="backend.tests.test_iter6_schedule_whatsapp.TestWhatsAppEndpoints" name="test_test_send_no_recipient" time="0.045" /><testcase classname="backend.tests.test_iter6_schedule_whatsapp.TestWhatsAppEndpoints" name="test_test_send_when_not_ready" time="0.083" /><testcase classname="backend.tests.test_iter6_schedule_whatsapp.TestWhatsAppEndpoints" name="test_send_report_no_recipients_400" time="0.100" /><testcase classname="backend.tests.test_iter6_schedule_whatsapp.TestWhatsAppEndpoints" name="test_send_report_with_recipients_returns_502_or_partial" time="0.118" /><testcase classname="backend.tests.test_iter6_schedule_whatsapp.TestWhatsAppEndpoints" name="test_recipients_persist_in_settings" time="0.091" /><testcase classname="backend.tests.test_iter6_schedule_whatsapp.TestNodeServiceDirect" name="test_node_status_responds" time="0.048" /><testcase classname="backend.tests.test_iter7_tunnel" name="test_tunnel_status_no_log" time="0.432" /><testcase classname="backend.tests.test_iter7_tunnel" name="test_tunnel_status_admin_only" time="0.117" /><testcase classname="backend.tests.test_iter7_tunnel" name="test_tunnel_refresh_detects_url" time="0.102" /><testcase classname="backend.tests.test_iter7_tunnel" name="test_tunnel_watcher_auto_update" time="4.113" /><testcase classname="backend.tests.test_iter7_tunnel" name="test_settings_tunnel_notify_persists" time="0.199" /><testcase classname="backend.tests.test_iter7_tunnel" name="test_tunnel_notify_does_not_crash" time="20.229" /><testcase classname="backend.tests.test_iter8_static_serve" name="test_root_returns_index_html" time="0.008" /><testcase classname="backend.tests.test_iter8_static_serve" name="test_static_js_served" time="0.004" /><testcase classname="backend.tests.test_iter8_static_serve" name="test_static_css_served" time="0.042" /><testcase classname="backend.tests.test_iter8_static_serve" name="test_spa_fallback_dashboard" time="0.042" /><testcase classname="backend.tests.test_iter8_static_serve" name="test_spa_fallback_arbitrary_route" time="0.043" /><testcase classname="backend.tests.test_iter8_static_serve" name="test_api_get_login_not_swallowed_by_spa" time="0.043" /><testcase classname="backend.tests.test_iter8_static_serve" name="test_api_nonexistent_returns_json_404" time="0.042" /><testcase classname="backend.tests.test_iter8_static_serve" name="test_login_valid_returns_token" time="0.265" /><testcase classname="backend.tests.test_iter8_static_serve" name="test_login_invalid_returns_401" time="0.225" /><testcase classname="backend.tests.test_restaurant_pos.TestAuth" name="test_login_invalid" time="0.158" /><testcase classname="backend.tests.test_restaurant_pos.TestAuth" name="test_login_admin_success" time="0.374" /><testcase classname="backend.tests.test_restaurant_pos.TestAuth" name="test_register_duplicate" time="0.102" /><testcase classname="backend.tests.test_restaurant_pos.TestAuth" name="test_logout" time="0.387" /><testcase classname="backend.tests.test_restaurant_pos.TestAuth" name="test_unauthenticated_protected_route" time="0.125" /><testcase classname="backend.tests.test_restaurant_pos.TestCategories" name="test_create_category_admin" time="0.054" /><testcase classname="backend.tests.test_restaurant_pos.TestCategories" name="test_get_categories" time="0.073" /><testcase classname="backend.tests.test_restaurant_pos.TestCategories" name="test_cashier_cannot_create_category" time="0.392" /><testcase classname="backend.tests.test_restaurant_pos.TestCategories" name="test_update_category" time="0.053" /><testcase classname="backend.tests.test_restaurant_pos.TestMenuItems" name="test_create_menu_item" time="0.053" /><testcase classname="backend.tests.test_restaurant_pos.TestMenuItems" name="test_get_menu_items" time="0.049" /><testcase classname="backend.tests.test_restaurant_pos.TestMenuItems" name="test_update_menu_item" time="0.055" /><testcase classname="backend.tests.test_restaurant_pos.TestMenuItems" name="test_cashier_cannot_create_item" time="0.074" /><testcase classname="backend.tests.test_restaurant_pos.TestInventory" name="test_get_inventory" time="0.055" /><testcase classname="backend.tests.test_restaurant_pos.TestInventory" name="test_update_stock" time="0.101" /><testcase classname="backend.tests.test_restaurant_pos.TestInventory" name="test_cashier_cannot_update_stock" time="0.055" /><testcase classname="backend.tests.test_restaurant_pos.TestInventory" name="test_low_stock_endpoint" time="0.054"><failure message="assert 404 == 200&#10; +  where 404 = &lt;Response [404]&gt;.status_code">backend/tests/test_restaurant_pos.py:173: in test_low_stock_endpoint
    assert r.status_code == 200
E   assert 404 == 200
E    +  where 404 = &lt;Response [404]&gt;.status_code</failure></testcase><testcase classname="backend.tests.test_restaurant_pos.TestOrders" name="test_create_cash_order" time="0.161" /><testcase classname="backend.tests.test_restaurant_pos.TestOrders" name="test_create_credit_order" time="0.052" /><testcase classname="backend.tests.test_restaurant_pos.TestOrders" name="test_today_orders" time="0.055" /><testcase classname="backend.tests.test_restaurant_pos.TestReports" name="test_x_report" time="0.054" /><testcase classname="backend.tests.test_restaurant_pos.TestReports" name="test_x_report_cashier_allowed" time="0.060" /><testcase classname="backend.tests.test_restaurant_pos.TestReports" name="test_z_report_admin" time="0.052" /><testcase classname="backend.tests.test_restaurant_pos.TestReports" name="test_z_report_cashier_forbidden" time="0.058" /><testcase classname="backend.tests.test_restaurant_pos.TestReports" name="test_history_admin_only" time="0.116" /><testcase classname="backend.tests.test_restaurant_pos.TestDashboard" name="test_dashboard_stats" time="0.054" /><testcase classname="backend.tests.test_restaurant_pos" name="test_zz_cleanup" time="0.098" /></testsuite></testsuites>