<?xml version="1.0" encoding="utf-8"?><testsuites name="pytest tests"><testsuite name="pytest" errors="0" failures="0" skipped="0" tests="9" time="10.324" timestamp="2026-04-26T14:07:34.390632+00:00" hostname="agent-env-c7ee25f2-893c-405b-85c2-803c7cea7bcf"><testcase classname="backend.tests.test_iter9_instance_id_export_import.TestInstanceBoundJWT" name="test_login_returns_token_and_me_works" time="0.614" /><testcase classname="backend.tests.test_iter9_instance_id_export_import.TestInstanceBoundJWT" name="test_token_invalid_after_backend_restart" time="5.865" /><testcase classname="backend.tests.test_iter9_instance_id_export_import.TestDataExport" name="test_export_structure_and_meta" time="0.463" /><testcase classname="backend.tests.test_iter9_instance_id_export_import.TestDataExport" name="test_export_includes_users_with_password_hash" time="0.444" /><testcase classname="backend.tests.test_iter9_instance_id_export_import.TestDataExport" name="test_export_admin_only" time="0.116" /><testcase classname="backend.tests.test_iter9_instance_id_export_import.TestDataImport" name="test_import_replace_preserves_ids" time="1.190" /><testcase classname="backend.tests.test_iter9_instance_id_export_import.TestDataImport" name="test_import_invalid_object_id_dropped_gracefully" time="0.674" /><testcase classname="backend.tests.test_iter9_instance_id_export_import.TestRegressionSmoke" name="test_login_still_works" time="0.351" /><testcase classname="backend.tests.test_iter9_instance_id_export_import.TestRegressionSmoke" name="test_settings_global_readable" time="0.452" /></testsuite></testsuites>