<?xml version="1.0" encoding="utf-8"?><testsuites name="pytest tests"><testsuite name="pytest" errors="0" failures="0" skipped="0" tests="9" time="0.791" timestamp="2026-04-26T10:34:30.896543+00:00" hostname="agent-env-c7ee25f2-893c-405b-85c2-803c7cea7bcf"><testcase classname="tests.test_iter8_static_serve" name="test_root_returns_index_html" time="0.009" /><testcase classname="tests.test_iter8_static_serve" name="test_static_js_served" time="0.004" /><testcase classname="tests.test_iter8_static_serve" name="test_static_css_served" time="0.043" /><testcase classname="tests.test_iter8_static_serve" name="test_spa_fallback_dashboard" time="0.042" /><testcase classname="tests.test_iter8_static_serve" name="test_spa_fallback_arbitrary_route" time="0.042" /><testcase classname="tests.test_iter8_static_serve" name="test_api_get_login_not_swallowed_by_spa" time="0.043" /><testcase classname="tests.test_iter8_static_serve" name="test_api_nonexistent_returns_json_404" time="0.042" /><testcase classname="tests.test_iter8_static_serve" name="test_login_valid_returns_token" time="0.266" /><testcase classname="tests.test_iter8_static_serve" name="test_login_invalid_returns_401" time="0.225" /></testsuite></testsuites>