<?xml version="1.0" encoding="utf-8"?><testsuites name="pytest tests"><testsuite name="pytest" errors="0" failures="0" skipped="0" tests="18" time="3.211" timestamp="2026-04-25T22:44:37.577001+00:00" hostname="agent-env-c7ee25f2-893c-405b-85c2-803c7cea7bcf"><testcase classname="backend.tests.test_iter6_schedule_whatsapp.TestScheduleStatus" name="test_status_returns_required_keys" time="0.600" /><testcase classname="backend.tests.test_iter6_schedule_whatsapp.TestScheduleStatus" name="test_status_admin_only" time="0.656" /><testcase classname="backend.tests.test_iter6_schedule_whatsapp.TestScheduleStatus" name="test_timezones_list_includes_required" time="0.050" /><testcase classname="backend.tests.test_iter6_schedule_whatsapp.TestScheduleStatus" name="test_run_now_admin_ok" time="0.051" /><testcase classname="backend.tests.test_iter6_schedule_whatsapp.TestScheduleStatus" name="test_run_now_cashier_403" time="0.046" /><testcase classname="backend.tests.test_iter6_schedule_whatsapp.TestSettingsReschedule" name="test_put_settings_updates_schedule_and_next_run" time="0.645" /><testcase classname="backend.tests.test_iter6_schedule_whatsapp.TestSettingsReschedule" name="test_put_settings_invalid_time_still_200" time="0.101" /><testcase classname="backend.tests.test_iter6_schedule_whatsapp.TestSettingsReschedule" name="test_put_settings_invalid_tz_still_200" time="0.098" /><testcase classname="backend.tests.test_iter6_schedule_whatsapp.TestSettingsReschedule" name="test_restore_valid_for_remainder" time="0.052" /><testcase classname="backend.tests.test_iter6_schedule_whatsapp.TestWhatsAppEndpoints" name="test_status_admin" time="0.088" /><testcase classname="backend.tests.test_iter6_schedule_whatsapp.TestWhatsAppEndpoints" name="test_status_cashier_403" time="0.049" /><testcase classname="backend.tests.test_iter6_schedule_whatsapp.TestWhatsAppEndpoints" name="test_qr_admin" time="0.079" /><testcase classname="backend.tests.test_iter6_schedule_whatsapp.TestWhatsAppEndpoints" name="test_test_send_no_recipient" time="0.069" /><testcase classname="backend.tests.test_iter6_schedule_whatsapp.TestWhatsAppEndpoints" name="test_test_send_when_not_ready" time="0.089" /><testcase classname="backend.tests.test_iter6_schedule_whatsapp.TestWhatsAppEndpoints" name="test_send_report_no_recipients_400" time="0.129" /><testcase classname="backend.tests.test_iter6_schedule_whatsapp.TestWhatsAppEndpoints" name="test_send_report_with_recipients_returns_502_or_partial" time="0.126" /><testcase classname="backend.tests.test_iter6_schedule_whatsapp.TestWhatsAppEndpoints" name="test_recipients_persist_in_settings" time="0.105" /><testcase classname="backend.tests.test_iter6_schedule_whatsapp.TestNodeServiceDirect" name="test_node_status_responds" time="0.056" /></testsuite></testsuites>