<?xml version="1.0" encoding="utf-8"?><testsuites name="pytest tests"><testsuite name="pytest" errors="0" failures="0" skipped="0" tests="12" time="2.403" timestamp="2026-04-25T09:52:15.235690+00:00" hostname="agent-env-c7ee25f2-893c-405b-85c2-803c7cea7bcf"><testcase classname="backend.tests.test_iter3_new_features.TestHourlySales" name="test_hourly_sales_unauth" time="0.252" /><testcase classname="backend.tests.test_iter3_new_features.TestHourlySales" name="test_hourly_sales_returns_24_buckets" time="0.691" /><testcase classname="backend.tests.test_iter3_new_features.TestHourlySales" name="test_hourly_sales_reflects_new_order" time="0.556" /><testcase classname="backend.tests.test_iter3_new_features.TestOrderForReceipt" name="test_order_response_has_receipt_fields" time="0.044" /><testcase classname="backend.tests.test_iter3_new_features.TestOrderForReceipt" name="test_credit_order_receipt" time="0.042" /><testcase classname="backend.tests.test_iter3_new_features.TestOrderForReceipt" name="test_discounted_order_receipt" time="0.044" /><testcase classname="backend.tests.test_iter3_new_features.TestCSVExport" name="test_export_csv_unauth" time="0.105" /><testcase classname="backend.tests.test_iter3_new_features.TestCSVExport" name="test_export_csv_returns_rows" time="0.091" /><testcase classname="backend.tests.test_iter3_new_features.TestCSVExport" name="test_export_csv_cashier_allowed" time="0.046" /><testcase classname="backend.tests.test_iter3_new_features.TestHistoryExport" name="test_history_export_unauth" time="0.098" /><testcase classname="backend.tests.test_iter3_new_features.TestHistoryExport" name="test_history_export_admin" time="0.047" /><testcase classname="backend.tests.test_iter3_new_features.TestHistoryExport" name="test_history_export_cashier_forbidden" time="0.138" /></testsuite></testsuites>