<?xml version="1.0" encoding="utf-8"?><testsuites name="pytest tests"><testsuite name="pytest" errors="0" failures="0" skipped="0" tests="16" time="4.193" timestamp="2026-04-25T21:46:45.960956+00:00" hostname="agent-env-c7ee25f2-893c-405b-85c2-803c7cea7bcf"><testcase classname="backend.tests.test_iter5_colors_email.TestCategoryColor" name="test_create_category_with_color" time="0.640" /><testcase classname="backend.tests.test_iter5_colors_email.TestCategoryColor" name="test_create_category_without_color" time="0.106" /><testcase classname="backend.tests.test_iter5_colors_email.TestCategoryColor" name="test_update_category_color" time="0.284" /><testcase classname="backend.tests.test_iter5_colors_email.TestMenuItemColor" name="test_create_menu_item_with_color" time="0.276" /><testcase classname="backend.tests.test_iter5_colors_email.TestMenuItemColor" name="test_create_menu_item_without_color" time="0.208" /><testcase classname="backend.tests.test_iter5_colors_email.TestMenuItemColor" name="test_update_menu_item_color" time="0.263" /><testcase classname="backend.tests.test_iter5_colors_email.TestEmailSettings" name="test_settings_returns_email_fields" time="0.056" /><testcase classname="backend.tests.test_iter5_colors_email.TestEmailSettings" name="test_update_email_recipients_persists" time="0.206" /><testcase classname="backend.tests.test_iter5_colors_email.TestEmailTestEndpoint" name="test_email_test_unauthenticated" time="0.103" /><testcase classname="backend.tests.test_iter5_colors_email.TestEmailTestEndpoint" name="test_email_test_cashier_forbidden" time="0.722" /><testcase classname="backend.tests.test_iter5_colors_email.TestEmailTestEndpoint" name="test_email_test_smtp_not_configured" time="0.228" /><testcase classname="backend.tests.test_iter5_colors_email.TestEmailSendReport" name="test_send_report_unauthenticated" time="0.113" /><testcase classname="backend.tests.test_iter5_colors_email.TestEmailSendReport" name="test_send_report_cashier_forbidden" time="0.051" /><testcase classname="backend.tests.test_iter5_colors_email.TestEmailSendReport" name="test_send_report_smtp_not_configured" time="0.205" /><testcase classname="backend.tests.test_iter5_colors_email.TestEmailSendReport" name="test_send_report_no_recipients" time="0.217" /><testcase classname="backend.tests.test_iter5_colors_email.TestZCloseAutoEmail" name="test_z_close_succeeds_when_auto_email_off" time="0.282" /></testsuite></testsuites>