<?xml version="1.0" encoding="utf-8"?><testsuites name="pytest tests"><testsuite name="pytest" errors="0" failures="0" skipped="0" tests="14" time="4.735" timestamp="2026-04-25T10:17:17.439860+00:00" hostname="agent-env-c7ee25f2-893c-405b-85c2-803c7cea7bcf"><testcase classname="backend.tests.test_iter4_users_settings.TestUserCRUD" name="test_list_users_admin" time="0.402" /><testcase classname="backend.tests.test_iter4_users_settings.TestUserCRUD" name="test_create_user_and_persist" time="0.368" /><testcase classname="backend.tests.test_iter4_users_settings.TestUserCRUD" name="test_create_duplicate_email_rejected" time="0.317" /><testcase classname="backend.tests.test_iter4_users_settings.TestUserCRUD" name="test_update_user_role_and_persist" time="0.145" /><testcase classname="backend.tests.test_iter4_users_settings.TestUserCRUD" name="test_update_user_password_login_works" time="1.135" /><testcase classname="backend.tests.test_iter4_users_settings.TestUserCRUD" name="test_delete_self_blocked" time="0.097" /><testcase classname="backend.tests.test_iter4_users_settings.TestUserCRUD" name="test_delete_user_removes_persistently" time="0.367" /><testcase classname="backend.tests.test_iter4_users_settings.TestUserAuthz" name="test_cashier_cannot_list_users" time="0.425" /><testcase classname="backend.tests.test_iter4_users_settings.TestUserAuthz" name="test_cashier_cannot_create_user" time="0.412" /><testcase classname="backend.tests.test_iter4_users_settings.TestUserAuthz" name="test_unauthenticated_users_endpoint" time="0.126" /><testcase classname="backend.tests.test_iter4_users_settings.TestSettings" name="test_get_settings_returns_tax_rate" time="0.048" /><testcase classname="backend.tests.test_iter4_users_settings.TestSettings" name="test_update_tax_rate_admin_persists" time="0.239" /><testcase classname="backend.tests.test_iter4_users_settings.TestSettings" name="test_cashier_can_get_settings_but_not_update" time="0.432" /><testcase classname="backend.tests.test_iter4_users_settings.TestSettings" name="test_unauthenticated_settings_blocked" time="0.142" /></testsuite></testsuites>