<?xml version="1.0" encoding="utf-8"?><testsuites name="pytest tests"><testsuite name="pytest" errors="0" failures="0" skipped="0" tests="6" time="33.642" timestamp="2026-04-25T23:36:31.348482+00:00" hostname="agent-env-c7ee25f2-893c-405b-85c2-803c7cea7bcf"><testcase classname="backend.tests.test_iter7_tunnel" name="test_tunnel_status_no_log" time="0.593" /><testcase classname="backend.tests.test_iter7_tunnel" name="test_tunnel_status_admin_only" time="0.107" /><testcase classname="backend.tests.test_iter7_tunnel" name="test_tunnel_refresh_detects_url" time="0.121" /><testcase classname="backend.tests.test_iter7_tunnel" name="test_tunnel_watcher_auto_update" time="12.318" /><testcase classname="backend.tests.test_iter7_tunnel" name="test_settings_tunnel_notify_persists" time="0.206" /><testcase classname="backend.tests.test_iter7_tunnel" name="test_tunnel_notify_does_not_crash" time="20.225" /></testsuite></testsuites>