<?xml version="1.0" encoding="utf-8"?><testsuites name="pytest tests"><testsuite name="pytest" errors="0" failures="0" skipped="0" tests="45" time="5.891" timestamp="2026-04-25T09:52:21.529095+00:00" hostname="agent-env-c7ee25f2-893c-405b-85c2-803c7cea7bcf"><testcase classname="backend.tests.test_discount_price_change.TestDiscountOrders" name="test_order_with_percent_discount" time="0.615" /><testcase classname="backend.tests.test_discount_price_change.TestDiscountOrders" name="test_order_with_flat_discount" time="0.100" /><testcase classname="backend.tests.test_discount_price_change.TestDiscountOrders" name="test_order_no_discount_defaults" time="0.055" /><testcase classname="backend.tests.test_discount_price_change.TestPriceChangeOrders" name="test_order_with_changed_price" time="0.099" /><testcase classname="backend.tests.test_discount_price_change.TestPriceChangeOrders" name="test_order_default_original_price" time="0.102" /><testcase classname="backend.tests.test_discount_price_change.TestDiscountPlusPriceChange" name="test_combined_flow" time="0.178" /><testcase classname="backend.tests.test_iter3_new_features.TestHourlySales" name="test_hourly_sales_unauth" time="0.107" /><testcase classname="backend.tests.test_iter3_new_features.TestHourlySales" name="test_hourly_sales_returns_24_buckets" time="0.424" /><testcase classname="backend.tests.test_iter3_new_features.TestHourlySales" name="test_hourly_sales_reflects_new_order" time="0.604" /><testcase classname="backend.tests.test_iter3_new_features.TestOrderForReceipt" name="test_order_response_has_receipt_fields" time="0.050" /><testcase classname="backend.tests.test_iter3_new_features.TestOrderForReceipt" name="test_credit_order_receipt" time="0.050" /><testcase classname="backend.tests.test_iter3_new_features.TestOrderForReceipt" name="test_discounted_order_receipt" time="0.049" /><testcase classname="backend.tests.test_iter3_new_features.TestCSVExport" name="test_export_csv_unauth" time="0.136" /><testcase classname="backend.tests.test_iter3_new_features.TestCSVExport" name="test_export_csv_returns_rows" time="0.116" /><testcase classname="backend.tests.test_iter3_new_features.TestCSVExport" name="test_export_csv_cashier_allowed" time="0.053" /><testcase classname="backend.tests.test_iter3_new_features.TestHistoryExport" name="test_history_export_unauth" time="0.108" /><testcase classname="backend.tests.test_iter3_new_features.TestHistoryExport" name="test_history_export_admin" time="0.052" /><testcase classname="backend.tests.test_iter3_new_features.TestHistoryExport" name="test_history_export_cashier_forbidden" time="0.172" /><testcase classname="backend.tests.test_restaurant_pos.TestAuth" name="test_login_invalid" time="0.101" /><testcase classname="backend.tests.test_restaurant_pos.TestAuth" name="test_login_admin_success" time="0.378" /><testcase classname="backend.tests.test_restaurant_pos.TestAuth" name="test_register_duplicate" time="0.105" /><testcase classname="backend.tests.test_restaurant_pos.TestAuth" name="test_logout" time="0.369" /><testcase classname="backend.tests.test_restaurant_pos.TestAuth" name="test_unauthenticated_protected_route" time="0.100" /><testcase classname="backend.tests.test_restaurant_pos.TestCategories" name="test_create_category_admin" time="0.052" /><testcase classname="backend.tests.test_restaurant_pos.TestCategories" name="test_get_categories" time="0.048" /><testcase classname="backend.tests.test_restaurant_pos.TestCategories" name="test_cashier_cannot_create_category" time="0.385" /><testcase classname="backend.tests.test_restaurant_pos.TestCategories" name="test_update_category" time="0.049" /><testcase classname="backend.tests.test_restaurant_pos.TestMenuItems" name="test_create_menu_item" time="0.048" /><testcase classname="backend.tests.test_restaurant_pos.TestMenuItems" name="test_get_menu_items" time="0.049" /><testcase classname="backend.tests.test_restaurant_pos.TestMenuItems" name="test_update_menu_item" time="0.052" /><testcase classname="backend.tests.test_restaurant_pos.TestMenuItems" name="test_cashier_cannot_create_item" time="0.049" /><testcase classname="backend.tests.test_restaurant_pos.TestInventory" name="test_get_inventory" time="0.050" /><testcase classname="backend.tests.test_restaurant_pos.TestInventory" name="test_update_stock" time="0.097" /><testcase classname="backend.tests.test_restaurant_pos.TestInventory" name="test_cashier_cannot_update_stock" time="0.048" /><testcase classname="backend.tests.test_restaurant_pos.TestInventory" name="test_low_stock_endpoint" time="0.055" /><testcase classname="backend.tests.test_restaurant_pos.TestOrders" name="test_create_cash_order" time="0.148" /><testcase classname="backend.tests.test_restaurant_pos.TestOrders" name="test_create_credit_order" time="0.046" /><testcase classname="backend.tests.test_restaurant_pos.TestOrders" name="test_today_orders" time="0.057" /><testcase classname="backend.tests.test_restaurant_pos.TestReports" name="test_x_report" time="0.051" /><testcase classname="backend.tests.test_restaurant_pos.TestReports" name="test_x_report_cashier_allowed" time="0.051" /><testcase classname="backend.tests.test_restaurant_pos.TestReports" name="test_z_report_admin" time="0.051" /><testcase classname="backend.tests.test_restaurant_pos.TestReports" name="test_z_report_cashier_forbidden" time="0.048" /><testcase classname="backend.tests.test_restaurant_pos.TestReports" name="test_history_admin_only" time="0.093" /><testcase classname="backend.tests.test_restaurant_pos.TestDashboard" name="test_dashboard_stats" time="0.056" /><testcase classname="backend.tests.test_restaurant_pos" name="test_zz_cleanup" time="0.101" /></testsuite></testsuites>