<?xml version="1.0" encoding="utf-8"?><testsuites name="pytest tests"><testsuite name="pytest" errors="0" failures="0" skipped="1" tests="16" time="6.775" timestamp="2026-05-07T11:52:57.117044+00:00" hostname="agent-env-2b2a771d-9f32-440a-8cca-8dfadcab4be0"><testcase classname="backend.tests.test_iteration7.TestFreeDeliveryThreshold" name="test_public_settings_has_threshold" time="0.268" /><testcase classname="backend.tests.test_iteration7.TestFreeDeliveryThreshold" name="test_admin_put_threshold" time="0.590" /><testcase classname="backend.tests.test_iteration7.TestFreeDeliveryThreshold" name="test_quote_in_free_radius" time="0.392" /><testcase classname="backend.tests.test_iteration7.TestFreeDeliveryThreshold" name="test_quote_subtotal_threshold" time="0.359" /><testcase classname="backend.tests.test_iteration7.TestFreeDeliveryThreshold" name="test_quote_below_threshold_returns_fee" time="0.478" /><testcase classname="backend.tests.test_iteration7.TestPublicMenuDiscount" name="test_public_menu_has_discount_fields" time="0.115" /><testcase classname="backend.tests.test_iteration7.TestPublicMenuDiscount" name="test_seeded_discount_item_returns_sale_price" time="0.125" /><testcase classname="backend.tests.test_iteration7.TestAdminMenuItemDiscountAndBestseller" name="test_admin_get_menu_items_returns_new_fields" time="0.463" /><testcase classname="backend.tests.test_iteration7.TestAdminMenuItemDiscountAndBestseller" name="test_create_with_data_uri_image" time="0.454" /><testcase classname="backend.tests.test_iteration7.TestAdminMenuItemDiscountAndBestseller" name="test_put_percentage_discount" time="0.567" /><testcase classname="backend.tests.test_iteration7.TestAdminMenuItemDiscountAndBestseller" name="test_put_fixed_discount" time="0.584" /><testcase classname="backend.tests.test_iteration7.TestAdminMenuItemDiscountAndBestseller" name="test_put_clear_discount" time="0.775" /><testcase classname="backend.tests.test_iteration7.TestCategoriesRegression" name="test_get_categories" time="0.109" /><testcase classname="backend.tests.test_iteration7.TestCategoriesRegression" name="test_create_update_delete_category" time="0.644" /><testcase classname="backend.tests.test_iteration7.TestMenuItemsReorderRegression" name="test_menu_items_reorder" time="0.246" /><testcase classname="backend.tests.test_iteration7.TestOnlineOrderFreeDelivery" name="test_order_with_threshold_free_delivery" time="0.509"><skipped type="pytest.skip" message="Order create not available: 422 {&quot;detail&quot;:[{&quot;type&quot;:&quot;missing&quot;,&quot;loc&quot;:[&quot;body&quot;,&quot;phone&quot;],&quot;msg&quot;:&quot;Field required&quot;,&quot;input&quot;:{&quot;customer_name&quot;:&quot;TEST_Iter7_Order&quot;,&quot;customer_phone&quot;:&quot;03001234567&quot;,&quot;customer_email&quot;:&quot;&quot;,&quot;address&quot;:&quot;TEST address line&quot;,">/app/backend/tests/test_iteration7.py:282: Order create not available: 422 {"detail":[{"type":"missing","loc":["body","phone"],"msg":"Field required","input":{"customer_name":"TEST_Iter7_Order","customer_phone":"03001234567","customer_email":"","address":"TEST address line",</skipped></testcase></testsuite></testsuites>