<?xml version="1.0" encoding="utf-8"?><testsuites name="pytest tests"><testsuite name="pytest" errors="0" failures="0" skipped="0" tests="17" time="2.867" timestamp="2026-05-07T09:46:58.863189+00:00" hostname="agent-env-2b2a771d-9f32-440a-8cca-8dfadcab4be0"><testcase classname="backend.tests.test_iteration5_reviews.TestPublicRestaurantInfo" name="test_returns_required_fields_no_auth" time="0.146" /><testcase classname="backend.tests.test_iteration5_reviews.TestPublicRestaurantInfo" name="test_no_auth_required" time="0.115" /><testcase classname="backend.tests.test_iteration5_reviews.TestGetReviewByOrder" name="test_invalid_id_returns_404" time="0.118" /><testcase classname="backend.tests.test_iteration5_reviews.TestGetReviewByOrder" name="test_nonexistent_objectid_returns_404" time="0.125" /><testcase classname="backend.tests.test_iteration5_reviews.TestGetReviewByOrder" name="test_valid_order_returns_order_and_null_review" time="0.568" /><testcase classname="backend.tests.test_iteration5_reviews.TestPublicReviewCreate" name="test_invalid_rating_returns_400" time="0.231" /><testcase classname="backend.tests.test_iteration5_reviews.TestPublicReviewCreate" name="test_nonexistent_order_returns_404" time="0.115" /><testcase classname="backend.tests.test_iteration5_reviews.TestPublicReviewCreate" name="test_create_and_persist_review" time="0.333" /><testcase classname="backend.tests.test_iteration5_reviews.TestPublicReviewCreate" name="test_second_review_rejected" time="0.120" /><testcase classname="backend.tests.test_iteration5_reviews.TestAuthReviewRegression" name="test_unauth_review_returns_401" time="0.098" /><testcase classname="backend.tests.test_iteration5_reviews.TestAuthReviewRegression" name="test_review_for_non_delivered_order_returns_400" time="0.107" /><testcase classname="backend.tests.test_iteration5_reviews.TestSmartAlertRegression" name="test_pending_count_requires_admin" time="0.105" /><testcase classname="backend.tests.test_iteration5_reviews.TestSmartAlertRegression" name="test_pending_count_admin_ok" time="0.119" /><testcase classname="backend.tests.test_iteration5_reviews.TestSmartAlertRegression" name="test_accept_endpoint_exists" time="0.103" /><testcase classname="backend.tests.test_iteration5_reviews.TestSmartAlertRegression" name="test_accept_unauth" time="0.131" /><testcase classname="backend.tests.test_iteration5_reviews.TestSmartAlertRegression" name="test_reject_unauth" time="0.120" /><testcase classname="backend.tests.test_iteration5_reviews.TestPublicTrackExtendedFields" name="test_track_returns_extended_fields" time="0.120" /></testsuite></testsuites>