<?xml version="1.0" encoding="utf-8"?><testsuites name="pytest tests"><testsuite name="pytest" errors="0" failures="0" skipped="0" tests="12" time="4.487" timestamp="2026-05-07T10:17:28.372540+00:00" hostname="agent-env-2b2a771d-9f32-440a-8cca-8dfadcab4be0"><testcase classname="backend.tests.test_iteration6_variations.TestCreateWithVariations" name="test_create_item_with_variations" time="1.012" /><testcase classname="backend.tests.test_iteration6_variations.TestCreateWithVariations" name="test_create_item_without_variations_returns_empty_list" time="0.320" /><testcase classname="backend.tests.test_iteration6_variations.TestUpdateVariations" name="test_put_adds_variations" time="0.499" /><testcase classname="backend.tests.test_iteration6_variations.TestUpdateVariations" name="test_put_clear_variations_with_empty_list" time="0.765" /><testcase classname="backend.tests.test_iteration6_variations.TestUpdateVariations" name="test_put_negative_price_does_not_crash" time="0.409" /><testcase classname="backend.tests.test_iteration6_variations.TestGetReturnsVariations" name="test_admin_get_returns_variations_field" time="0.112" /><testcase classname="backend.tests.test_iteration6_variations.TestGetReturnsVariations" name="test_public_menu_returns_variations_field" time="0.131" /><testcase classname="backend.tests.test_iteration6_variations.TestGetReturnsVariations" name="test_seeded_biryani_has_three_variations" time="0.108" /><testcase classname="backend.tests.test_iteration6_variations.TestRegression" name="test_price_update_unchanged" time="0.352" /><testcase classname="backend.tests.test_iteration6_variations.TestRegression" name="test_stock_update_unchanged" time="0.326" /><testcase classname="backend.tests.test_iteration6_variations.TestRegression" name="test_delete_unchanged" time="0.249" /><testcase classname="backend.tests.test_iteration6_variations.TestRegression" name="test_online_order_create_still_works" time="0.112" /></testsuite></testsuites>