<?xml version="1.0" encoding="utf-8"?><testsuites name="pytest tests"><testsuite name="pytest" errors="0" failures="0" skipped="0" tests="24" time="4.792" timestamp="2026-05-06T17:48:32.604414+00:00" hostname="agent-env-2b2a771d-9f32-440a-8cca-8dfadcab4be0"><testcase classname="backend.tests.test_smart_alert.TestAuth" name="test_admin_login" time="0.441" /><testcase classname="backend.tests.test_smart_alert.TestCreateOrder" name="test_public_create_order_pending" time="0.154" /><testcase classname="backend.tests.test_smart_alert.TestPendingCount" name="test_pending_count_admin_only" time="0.064" /><testcase classname="backend.tests.test_smart_alert.TestPendingCount" name="test_pending_count_returns_shape" time="0.429" /><testcase classname="backend.tests.test_smart_alert.TestAccept" name="test_accept_pending_order" time="0.347" /><testcase classname="backend.tests.test_smart_alert.TestAccept" name="test_cannot_accept_rejected_order" time="0.209" /><testcase classname="backend.tests.test_smart_alert.TestReject" name="test_reject_with_reason[out_of_stock]" time="0.229" /><testcase classname="backend.tests.test_smart_alert.TestReject" name="test_reject_with_reason[closed]" time="0.241" /><testcase classname="backend.tests.test_smart_alert.TestReject" name="test_reject_with_reason[other]" time="0.248" /><testcase classname="backend.tests.test_smart_alert.TestReject" name="test_reject_with_reason[free-form custom reason]" time="0.236" /><testcase classname="backend.tests.test_smart_alert.TestModifyAndConfirm" name="test_modify_recomputes_total_preserves_discount_and_delivery" time="0.147" /><testcase classname="backend.tests.test_smart_alert.TestModifyAndConfirm" name="test_modify_rejects_empty_items" time="0.135" /><testcase classname="backend.tests.test_smart_alert.TestModifyAndConfirm" name="test_modify_rejects_all_zero_qty" time="0.132" /><testcase classname="backend.tests.test_smart_alert.TestModifyAndConfirm" name="test_confirm_modified_requires_modified_flag" time="0.144" /><testcase classname="backend.tests.test_smart_alert.TestModifyAndConfirm" name="test_full_modify_then_confirm_flow" time="0.284" /><testcase classname="backend.tests.test_smart_alert.TestStatusUpdate" name="test_legacy_status_preparing_still_works" time="0.226" /><testcase classname="backend.tests.test_smart_alert.TestStatusUpdate" name="test_status_accepted_via_put" time="0.219" /><testcase classname="backend.tests.test_smart_alert.TestStatusUpdate" name="test_status_rejected_via_put" time="0.197" /><testcase classname="backend.tests.test_smart_alert.TestStatusUpdate" name="test_status_invalid_returns_400" time="0.147" /><testcase classname="backend.tests.test_smart_alert.TestRegression" name="test_get_menu_public" time="0.067" /><testcase classname="backend.tests.test_smart_alert.TestRegression" name="test_admin_list_online_orders" time="0.082" /><testcase classname="backend.tests.test_smart_alert.TestRegression" name="test_get_orders_today" time="0.083" /><testcase classname="backend.tests.test_smart_alert.TestRegression" name="test_pos_create_in_store_order" time="0.081" /><testcase classname="backend.tests.test_smart_alert.TestRegression" name="test_mark_printed" time="0.154" /></testsuite></testsuites>