<?xml version="1.0" encoding="utf-8"?><testsuites name="pytest tests"><testsuite name="pytest" errors="0" failures="0" skipped="0" tests="14" time="3.106" timestamp="2026-05-07T12:23:18.064070+00:00" hostname="agent-env-2b2a771d-9f32-440a-8cca-8dfadcab4be0"><testcase classname="backend.tests.test_iteration8" name="test_get_menu_items_has_related_item_ids_field" time="0.270" /><testcase classname="backend.tests.test_iteration8" name="test_post_menu_item_defaults_related_item_ids_to_empty" time="0.502" /><testcase classname="backend.tests.test_iteration8" name="test_post_menu_item_with_related_item_ids_persists" time="0.256" /><testcase classname="backend.tests.test_iteration8" name="test_put_menu_item_updates_related_item_ids" time="0.422" /><testcase classname="backend.tests.test_iteration8" name="test_upsell_empty_input_returns_fallback_suggestions" time="0.189" /><testcase classname="backend.tests.test_iteration8" name="test_upsell_default_limit_is_4" time="0.121" /><testcase classname="backend.tests.test_iteration8" name="test_upsell_limit_capped_at_8" time="0.151" /><testcase classname="backend.tests.test_iteration8" name="test_upsell_excludes_input_ids" time="0.121" /><testcase classname="backend.tests.test_iteration8" name="test_upsell_prioritizes_related_items" time="0.245" /><testcase classname="backend.tests.test_iteration8" name="test_upsell_excludes_out_of_stock" time="0.229" /><testcase classname="backend.tests.test_iteration8" name="test_upsell_discount_fields_consistent_with_menu" time="0.100" /><testcase classname="backend.tests.test_iteration8" name="test_regression_get_menu" time="0.112" /><testcase classname="backend.tests.test_iteration8" name="test_regression_categories_endpoint" time="0.199" /><testcase classname="backend.tests.test_iteration8" name="test_regression_online_settings" time="0.106" /></testsuite></testsuites>